********************************************************************************
Field Output Report, written Fri Jun 21 17:02:34 2019

Source 1
---------

   ODB: C:/Users/maduguls/Documents/Sashi_Kiran/BL2D/Code_Isotropic/auto_inp.odb
   Step: Step-1
   Frame: Increment      1: Step Time =   2.2200E-16

Loc 1 : Nodal values from source 1

Output sorted by column "Node Label".

Field Output reported at nodes for part: PART-1-1

      Node Label            U.U1            U.U2
                          @Loc 1          @Loc 1
-------------------------------------------------
               1    -13.6772E-03         1.88334
               2         2.16554         1.88887
               3     69.4605E-03         1.89653
               4         2.08202         1.89230
               5              0.    -250.000E-36
               6         2.15401    -250.000E-36
               7     385.591E-03        -2.56260
               8         1.76404        -2.56417
               9    -187.350E-06     306.314E-03
              10     15.7287E-03     6.47813E-03
              11    -16.0507E-03    -283.186E-03
              12     1.87209E-03    -611.910E-03
              13     38.9234E-03        -1.00923
              14     81.5048E-03        -1.30345
              15     125.720E-03        -1.53791
              16     170.872E-03        -1.73322
              17     216.991E-03        -1.90097
              18     263.352E-03        -2.04707
              19     310.082E-03        -2.17641
              20     357.057E-03        -2.29199
              21     404.263E-03        -2.39616
              22     451.670E-03        -2.49039
              23     499.384E-03        -2.57606
              24     547.597E-03        -2.65397
              25     596.015E-03        -2.72430
              26     644.417E-03        -2.78751
              27     692.970E-03        -2.84368
              28     741.494E-03        -2.89257
              29     789.684E-03        -2.93439
              30     837.555E-03        -2.96959
              31     885.183E-03        -2.99845
              32     932.912E-03        -3.02100
              33     980.840E-03        -3.03709
              34         1.02874        -3.04680
              35         1.07679        -3.05005
              36         1.12483        -3.04650
              37         1.17257        -3.03643
              38         1.22022        -3.02022
              39         1.26799        -2.99776
              40         1.31583        -2.96894
              41         1.36398        -2.93345
              42         1.41240        -2.89084
              43         1.46080        -2.84118
              44         1.50925        -2.78460
              45         1.55763        -2.72104
              46         1.60598        -2.65032
              47         1.65407        -2.57227
              48         1.70178        -2.48656
              49         1.74922        -2.39191
              50         1.79637        -2.28759
              51         1.84336        -2.17168
              52         1.89035        -2.04086
              53         1.93651        -1.89382
              54         1.98231        -1.72604
              55         2.02724        -1.53025
              56         2.07142        -1.29488
              57         2.11394    -999.153E-03
              58         2.15049    -603.499E-03
              59         2.16873    -280.655E-03
              60         2.13641     16.6376E-03
              61         2.15568     390.827E-03
              62     60.3546E-03     186.745E-03
              63     69.4791E-03    -631.506E-03
              64     102.933E-03        -1.12309
              65     143.985E-03        -1.46145
              66     187.934E-03        -1.72875
              67     232.983E-03        -1.95476
              68     276.707E-03        -2.14601
              69     320.482E-03        -2.31958
              70     452.172E-03        -2.52955
              71     499.440E-03        -2.57757
              72     546.253E-03        -2.64178
              73     594.329E-03        -2.70920
              74     642.387E-03        -2.77265
              75     690.309E-03        -2.82999
              76     738.108E-03        -2.88086
              77     786.176E-03        -2.92514
              78     834.316E-03        -2.96247
              79     882.406E-03        -2.99298
              80     930.597E-03        -3.01672
              81     978.845E-03        -3.03360
              82         1.02709        -3.04366
              83         1.07526        -3.04712
              84         1.12356        -3.04389
              85         1.17199        -3.03379
              86         1.22032        -3.01701
              87         1.26880        -2.99347
              88         1.31722        -2.96287
              89         1.36538        -2.92531
              90         1.41340        -2.88082
              91         1.46121        -2.82963
              92         1.50883        -2.77242
              93         1.55653        -2.70981
              94         1.60455        -2.64282
              95         1.65128        -2.57857
              96         1.69848        -2.53130
              97         1.83084        -2.32081
              98         1.87475        -2.14512
              99         1.91846        -1.95220
             100         1.96355        -1.72543
             101         2.00745        -1.45719
             102         2.04861        -1.11557
             103         2.08212    -612.111E-03
             104         2.09089     203.067E-03
             105         1.09260     732.714E-03
             106         1.75468        -1.30969
             107         2.00463    -166.938E-03
             108         1.75926        -1.86130
             109     329.392E-03        -1.66022
             110         1.84439    -846.516E-03
             111         1.51834        -2.70090
             112     132.256E-03     59.6037E-03
             113         1.22365        -3.02030
             114     404.855E-03        -2.13041
             115         1.72220        -2.24163
             116     472.120E-03        -2.35931
             117         1.43508        -2.81575
             118     761.392E-03        -2.88338
             119         1.62104        -2.56366
             120     634.979E-03        -2.70432
             121         1.09776        -3.06333
             122     887.405E-03        -2.99876
             123         1.13888        -3.05390
             124     801.153E-03        -2.91807
             125         1.43432        -2.82793
             126     716.662E-03        -2.81630
             127     969.752E-03        -3.04019
             128     627.354E-03        -2.68905
             129     885.385E-03        -2.99269
             130         1.26560        -2.99828
             131         1.60109        -2.54371
             132     528.038E-03        -2.56153
             133         1.34987        -2.92726
             134     803.582E-03        -2.92856
             135         1.68014        -2.35430
             136     478.975E-03        -2.52709
             137     392.942E-03        -1.86483
             138     389.166E-03        -1.61906
             139     396.947E-03        -1.31683
             140         1.83621        -1.17002
             141         1.82961        -1.43797
             142     550.673E-03    -441.683E-03
             143         2.00185    -378.018E-03
             144         1.20383     644.047E-03
             145         1.98736     95.6154E-03
             146         2.03216    -21.6955E-03
             147         1.82201        -1.65009
             148     431.797E-03    -926.133E-03
             149         1.80458        -1.82733
             150         1.78023        -1.98210
             151     843.437E-03        -2.95894
             152     406.410E-03        -2.07081
             153     430.570E-03        -2.24595
             154         1.75015        -2.12006
             155         1.71430        -2.24413
             156     469.777E-03        -2.42359
             157         1.64202        -2.45255
             158     676.984E-03        -2.77094
             159     578.506E-03        -2.62128
             160         1.55967        -2.62653
             161     673.320E-03        -2.75558
             162         1.47620        -2.76793
             163         1.13982        -3.05630
             164     759.117E-03        -2.87040
             165         1.39203        -2.88101
             166         1.09649        -3.06056
             167         1.30748        -2.96637
             168     927.599E-03        -3.01995
             169         1.05561        -3.06347
             170         1.22359        -3.02394
             171         1.52351        -2.69031
             172     971.449E-03        -3.04403
             173         1.01202        -3.05364
             174         1.18168        -3.04318
             175         1.01355        -3.05685
             176         1.05426        -3.06033
             177         1.18124        -3.04035
             178         1.30834        -2.95903
             179     929.387E-03        -3.02466
             180     593.482E-03        -2.63026
             181         1.26598        -2.99328
             182     845.646E-03        -2.96695
             183         1.39256        -2.87009
             184         1.35027        -2.91808
             185     719.259E-03        -2.83083
             186         1.57157        -2.62323
             187         1.47814        -2.75572
             188     322.850E-03        -1.44846
             189     552.589E-03        -2.54834
             190         1.66995        -2.52784
             191         1.68109        -2.42072
             192     512.461E-03        -2.45818
             193     436.426E-03        -2.25179
             194     299.619E-03    -844.843E-03
             195         1.71707    -909.070E-03
             196         1.74581        -2.06649
             197     375.427E-03        -1.99201
             198     348.349E-03        -1.83676
             199     144.573E-03    -169.549E-03
             200         1.76308        -1.61422
             201     314.223E-03        -1.17676
             202         1.59522    -418.343E-03
             203     147.598E-03    -376.191E-03
             204     113.523E-03    -32.7931E-03
             205     580.350E-03        -2.41918
             206     650.379E-03        -2.60247
             207     522.541E-03        -2.09172
             208         1.43304        -2.74861
             209     969.311E-03        -3.04845
             210     896.965E-03        -2.99055
             211         1.03982        -3.07091
             212     461.291E-03     475.934E-03
             213     292.622E-03     103.459E-03
             214     569.460E-03        -2.53403
             215         1.32715        -2.91707
             216         1.70591     144.086E-03
             217         1.60413        -1.35321
             218         1.66643        -1.76394
             219     554.843E-03        -2.01892
             220         1.11312        -3.07349
             221         1.57500        -1.79278
             222     686.394E-03        -2.68148
             223         1.25612        -2.98952
             224         1.56598        -2.53521
             225         1.18349        -3.04421
             226     488.113E-03        -1.78548
             227     616.147E-03        -1.52937
             228         1.59972        -2.01100
             229         1.47826        -1.19339
             230         1.50233        -2.60011
             231         1.61071        -2.18708
             232     528.471E-03        -1.62167
             233         1.14766        -3.06095
             234         1.53822        -2.50480
             235         1.21857        -3.02539
             236         1.36292        -2.86737
             237     550.389E-03        -1.03441
             238     713.002E-03        -2.73523
             239     546.502E-03        -2.20518
             240         1.65587        -2.06127
             241         1.14853        -3.06302
             242         1.39777        -2.81126
             243     617.425E-03        -2.59050
             244     862.383E-03        -2.96173
             245     514.717E-03        -1.94063
             246     792.165E-03        -2.87165
             247     788.877E-03        -2.85803
             248         1.04083        -3.07385
             249     968.428E-03        -3.04464
             250     824.762E-03        -2.90827
             251         1.46727        -2.67909
             252     753.361E-03        -2.80088
             253         1.58334        -2.41228
             254     667.860E-03        -2.66310
             255     932.812E-03        -3.02479
             256         1.28980        -2.96123
             257         1.25398        -2.99697
             258         1.18308        -3.04771
             259         1.07697        -3.07783
             260         1.00435        -3.06122
             261         1.07539        -3.07426
             262     578.453E-03        -1.79708
             263         1.84370    -538.338E-03
             264         1.89226    -122.539E-03
             265         1.85670    -296.518E-03
             266     673.589E-03        -1.19789
             267         1.58926        -1.04815
             268     775.801E-03    -819.397E-03
             269         1.59169        -2.31846
             270         1.62578        -1.59719
             271         1.64367        -1.92208
             272     861.884E-03        -2.95357
             273         1.61650        -2.18680
             274     932.941E-03        -3.02107
             275     537.331E-03        -2.34225
             276     563.708E-03        -2.45126
             277         1.48180        -2.66639
             278         1.21920        -3.02108
             279         1.11131        -3.07174
             280         1.00533        -3.06438
             281     547.277E-03        -1.36290
             282         1.36439        -2.85691
             283         1.29194        -2.95188
             284     827.535E-03        -2.92070
             285         1.32772        -2.90752
             286     755.249E-03        -2.81413
             287         1.39981        -2.80102
             288     897.453E-03        -2.99624
             289     616.618E-03        -2.51656
             290         1.52700        -2.59742
             291     720.237E-03        -2.75167
             292         1.43781        -2.73708
             293         1.58755        -2.43768
             294         1.61764        -2.32454
             295     535.083E-03        -2.22579
             296     536.184E-03        -2.32298
             297         1.37199    -807.232E-03
             298     295.718E-03    -527.577E-03
             299     235.959E-03    -27.5466E-03
             300     237.542E-03    -128.865E-03
             301     286.010E-03    -280.229E-03
             302         1.53572        -1.52525
             303     678.212E-03        -2.50664
             304     755.272E-03        -1.57347
             305     853.370E-03        -2.89420
             306         1.75131    -207.645E-03
             307     834.807E-03        -2.85216
             308         1.22758        -2.99711
             309         1.20770        -3.01585
             310         1.17454        -3.04752
             311         1.08824        -3.08690
             312     662.149E-03        -2.22067
             313         1.89097     6.54111E-03
             314         1.00369        -3.06544
             315         1.47134        -1.81235
             316         1.47939        -2.45683
             317         1.23784    -19.7065E-03
             318         1.60402    -713.582E-03
             319         1.48009        -2.26428
             320     962.443E-03        -1.10059
             321         1.43182        -1.97839
             322         1.46974        -2.42450
             323         1.34504        -2.79063
             324     722.591E-03        -1.98453
             325         1.14878        -3.06714
             326         1.17246        -3.05243
             327     650.619E-03        -2.06454
             328         1.32911        -2.84533
             329     709.188E-03        -2.56748
             330     693.708E-03        -2.47783
             331     794.449E-03        -2.79262
             332     728.618E-03        -2.62075
             333     394.562E-03    -136.333E-03
             334         1.32145        -2.84900
             335     769.994E-03        -2.70678
             336         1.42480        -2.57253
             337     976.903E-03    -493.337E-03
             338     920.524E-03    -54.9948E-03
             339     944.788E-03        -3.01934
             340         1.39480        -1.25823
             341     642.513E-03        -2.35518
             342     924.126E-03        -2.99087
             343         1.50298        -2.06825
             344         1.03245        -3.07978
             345         1.42366        -2.62446
             346         1.26279        -2.94822
             347         1.30146        -2.89899
             348         1.37361        -2.73090
             349         1.26627        -2.93940
             350     836.512E-03        -2.84725
             351     752.582E-03        -2.64929
             352         1.15104        -3.06315
             353         1.41214        -2.65713
             354     522.984E-03    -686.189E-03
             355         1.06142        -3.08920
             356         1.12469        -3.07793
             357     775.751E-03        -1.23700
             358     783.112E-03        -1.74911
             359         1.30488        -2.88911
             360     869.291E-03        -2.91482
             361         1.20082        -1.12870
             362     890.973E-03        -2.94296
             363         1.09545        -3.08885
             364     806.426E-03        -2.78167
             365         1.35894        -2.78978
             366         1.40044        -1.54031
             367     973.791E-03        -3.04773
             368         1.06070        -3.08329
             369         1.03444        -3.08042
             370         1.12068        -3.07955
             371         1.00756        -3.07117
             372     859.329E-03        -1.45512
             373     686.561E-03        -2.18781
             374         1.20616        -3.02439
             375     979.307E-03        -3.04974
             376         1.24304        -2.97869
             377         1.38067        -2.70915
             378     919.241E-03        -2.99262
             379     886.656E-03        -2.95438
             380     782.654E-03        -2.73455
             381     940.225E-03        -3.01956
             382         1.47776        -2.16359
             383         1.47072        -2.55335
             384         1.52279        -2.31571
             385     564.289E-03    -4.99837E-03
             386         1.16421    -472.092E-03
             387         1.37029        -1.74668
             388         1.28954        -1.46797
             389     468.474E-03    -393.940E-03
             390         1.18804        -2.98553
             391         1.23648        -2.89973
             392     964.162E-03        -2.98333
             393     822.014E-03        -2.57267
             394     635.269E-03        -2.34982
             395         1.03162        -3.08473
             396         1.24815        -2.88095
             397     905.615E-03        -1.97280
             398         1.26558        -2.76314
             399     787.978E-03    -845.292E-03
             400         1.30288    -931.607E-03
             401         1.76647    -63.5186E-03
             402         1.01066        -1.44522
             403     711.824E-03        -1.88495
             404         1.15663        -1.73041
             405         1.33980        -2.35467
             406     824.187E-03        -2.15165
             407     828.813E-03        -2.20511
             408         1.16001        -3.04474
             409         1.12962        -1.38947
             410         1.19563        -2.98339
             411         1.66862    -403.165E-03
             412         1.39347        -2.32787
             413         1.34953        -2.51730
             414     813.567E-03        -2.36272
             415         1.07772        -3.10298
             416         1.25201        -1.95910
             417         1.30416        -2.68766
             418     928.665E-03        -2.89567
             419         1.01922        -3.07427
             420     975.059E-03        -3.03027
             421         1.15221        -3.04675
             422     598.771E-03    -262.657E-03
             423     841.894E-03        -2.66757
             424         1.05404    -791.796E-03
             425         1.25198    -291.056E-03
             426         1.30524        -2.01282
             427     992.849E-03        -3.04149
             428         1.09590        -3.09779
             429         1.22967        -1.75626
             430     895.283E-03        -2.83030
             431     886.625E-03        -2.75965
             432         1.00166        -1.72399
             433         1.11969        -3.08646
             434         1.29285        -2.64586
             435     872.456E-03        -2.71386
             436         1.32193        -2.15903
             437         1.06893    -809.981E-03
             438     851.266E-03    -252.660E-03
             439         1.43381    -513.412E-03
             440         1.36359        -2.18822
             441         1.13107        -3.07484
             442         1.02929        -3.02541
             443         1.12673        -2.68999
             444     772.850E-03        -2.39733
             445         1.13087        -2.93060
             446     972.082E-03        -1.08798
             447     952.752E-03        -2.97880
             448     996.552E-03        -2.69052
             449     944.607E-03        -1.78723
             450         1.06002        -3.08332
             451         1.10276        -3.03122
             452         1.12768        -2.93871
             453     979.303E-03        -2.20306
             454         1.15004        -2.13754
             455     926.354E-03        -2.90893
             456     913.287E-03    -580.570E-03
             457         1.32367        -2.52370
             458     698.180E-03    -504.257E-03
             459         1.23641        -2.32964
             460         1.21062    -605.284E-03
             461         1.10817        -3.02333
             462         1.04498        -3.09169
             463         1.28759        -2.79974
             464         1.03959        -3.05372
             465     841.864E-03        -2.56004
             466         1.56299    -167.098E-03
             467         1.06434        -3.09504
             468         1.08277        -3.10668
             469         1.10409        -3.07701
             470     874.140E-03        -2.80501
             471     964.861E-03        -2.66401
             472     832.043E-03     162.551E-03
             473         1.07462        -3.11124
             474         1.18656        -2.24253
             475         1.17080        -2.50243
             476         1.00784        -2.85624
             477         1.15958        -2.82479
             478         1.09554        -3.08977
             479         1.17480        -2.61631
             480         1.03039        -2.96165
             481         1.16583        -2.81182
             482         1.02693        -2.46109
             483         1.33007     59.9428E-03
             484     966.336E-03        -2.49097
             485         1.01559        -2.82674
             486         1.06410        -3.10610
             487         1.02825        -2.96565
             488         1.21037        -2.44563
             489     962.086E-03        -2.05537
             490         1.10188        -1.99182
             491         1.05033        -2.29443
             492         1.09284        -1.93957


  Minimum           -16.0507E-03        -3.11124
         At Node              11             473

  Maximum                2.16873         1.89653
         At Node              59               3

           Total         529.047    -1.07414E+03


